<?xml version="1.0" encoding="UTF-8"?>
<!-- Generated by org.testng.reporters.JUnitReportReporter -->
<testsuite hostname="Subash" name="test.Session5TeachersCode" tests="1" failures="0" timestamp="7 Feb 2020 22:19:13 GMT" time="24.937" errors="0">
  <testcase name="userShouldBeAbleToAddDeposite" time="24.937" classname="test.Session5TeachersCode"/>
</testsuite> <!-- test.Session5TeachersCode -->
