<?xml version="1.0" encoding="UTF-8"?>
<!-- Generated by org.testng.reporters.JUnitReportReporter -->
<testsuite hostname="Subash" name="test.NewDepositTest" tests="1" failures="0" timestamp="2 Feb 2020 19:49:46 GMT" time="14.099" errors="0">
  <testcase name="userShouldBeAbleToAddDeposit" time="14.099" classname="test.NewDepositTest"/>
</testsuite> <!-- test.NewDepositTest -->
