<?xml version="1.0" encoding="UTF-8"?>
<!-- Generated by org.testng.reporters.JUnitReportReporter -->
<testsuite hostname="Subash" name="test.Hw5Session5Ko" tests="1" failures="0" timestamp="2 Feb 2020 20:14:24 GMT" time="33.725" errors="0">
  <testcase name="DepositHw" time="33.725" classname="test.Hw5Session5Ko"/>
</testsuite> <!-- test.Hw5Session5Ko -->
